<?xml version="1.0" encoding="UTF-8"?>
<!-- Generated by org.testng.reporters.JUnitReportReporter -->
<testsuite hostname="MDs-MacBook-Pro" failures="0" tests="1" name="moinMaven.HelloTest" time="0.007" errors="0" timestamp="2023-10-15T23:40:26 EDT" skipped="0">
  <testcase classname="moinMaven.HelloTest" name="git176" time="0.007"/>
</testsuite> <!-- moinMaven.HelloTest -->
